2025-08-17T09:28:04.257+05:30  INFO 15172 --- [CRM] [main] eAuthenticationProviderManagerConfigurer : Global AuthenticationManager configured with AuthenticationProvider bean with name customAuthenticationProvider
2025-08-17T09:28:04.796+05:30  INFO 15172 --- [CRM] [main] o.s.b.w.embedded.tomcat.TomcatWebServer  : Tomcat started on port 8080 (http) with context path '/'
2025-08-17T09:28:04.813+05:30  INFO 15172 --- [CRM] [main] com.example.crm.CrmApplication           : Started CrmApplication in 4.705 seconds (process running for 5.749)
2025-08-17T09:28:34.596+05:30  INFO 9480 --- [CRM] [main] c.e.crm.integration.CrmIntegrationTest   : Starting CrmIntegrationTest using Java 21.0.7 with PID 9480 (started by Shraddha Prabhu in D:\CustomerProject\CRM)
2025-08-17T09:28:34.600+05:30  INFO 9480 --- [CRM] [main] c.e.crm.integration.CrmIntegrationTest   : No active profile set, falling back to 1 default profile: "default"
2025-08-17T09:28:35.505+05:30  INFO 9480 --- [CRM] [main] .s.d.r.c.RepositoryConfigurationDelegate : Bootstrapping Spring Data JPA repositories in DEFAULT mode.
2025-08-17T09:28:35.567+05:30  INFO 9480 --- [CRM] [main] .s.d.r.c.RepositoryConfigurationDelegate : Finished Spring Data repository scanning in 51 ms. Found 4 JPA repository interfaces.
2025-08-17T09:28:36.494+05:30  INFO 9480 --- [CRM] [main] o.hibernate.jpa.internal.util.LogHelper  : HHH000204: Processing PersistenceUnitInfo [name: default]
2025-08-17T09:28:36.585+05:30  INFO 9480 --- [CRM] [main] org.hibernate.Version                    : HHH000412: Hibernate ORM core version 6.6.22.Final
2025-08-17T09:28:36.628+05:30  INFO 9480 --- [CRM] [main] o.h.c.internal.RegionFactoryInitiator    : HHH000026: Second-level cache disabled
2025-08-17T09:28:36.838+05:30  INFO 9480 --- [CRM] [main] o.s.o.j.p.SpringPersistenceUnitInfo      : No LoadTimeWeaver setup: ignoring JPA class transformer
2025-08-17T09:28:36.874+05:30  INFO 9480 --- [CRM] [main] com.zaxxer.hikari.HikariDataSource       : HikariPool-1 - Starting...
2025-08-17T09:28:37.528+05:30  INFO 9480 --- [CRM] [main] com.zaxxer.hikari.pool.HikariPool        : HikariPool-1 - Added connection com.mysql.cj.jdbc.ConnectionImpl@3d667b59
2025-08-17T09:28:37.531+05:30  INFO 9480 --- [CRM] [main] com.zaxxer.hikari.HikariDataSource       : HikariPool-1 - Start completed.
2025-08-17T09:28:37.596+05:30  WARN 9480 --- [CRM] [main] org.hibernate.orm.deprecation            : HHH90000025: MySQL8Dialect does not need to be specified explicitly using 'hibernate.dialect' (remove the property setting and it will be selected by default)
2025-08-17T09:28:37.597+05:30  WARN 9480 --- [CRM] [main] org.hibernate.orm.deprecation            : HHH90000026: MySQL8Dialect has been deprecated; use org.hibernate.dialect.MySQLDialect instead
2025-08-17T09:28:37.621+05:30  INFO 9480 --- [CRM] [main] org.hibernate.orm.connections.pooling    : HHH10001005: Database info:
	Database JDBC URL [Connecting through datasource 'HikariDataSource (HikariPool-1)']
	Database driver: undefined/unknown
	Database version: 8.0
	Autocommit mode: undefined/unknown
	Isolation level: undefined/unknown
	Minimum pool size: undefined/unknown
	Maximum pool size: undefined/unknown
2025-08-17T09:28:38.847+05:30  INFO 9480 --- [CRM] [main] o.h.e.t.j.p.i.JtaPlatformInitiator       : HHH000489: No JTA platform available (set 'hibernate.transaction.jta.platform' to enable JTA platform integration)
2025-08-17T09:28:38.975+05:30  INFO 9480 --- [CRM] [main] j.LocalContainerEntityManagerFactoryBean : Initialized JPA EntityManagerFactory for persistence unit 'default'
2025-08-17T09:28:39.429+05:30  WARN 9480 --- [CRM] [main] JpaBaseConfiguration$JpaWebConfiguration : spring.jpa.open-in-view is enabled by default. Therefore, database queries may be performed during view rendering. Explicitly configure spring.jpa.open-in-view to disable this warning
2025-08-17T09:28:39.484+05:30  INFO 9480 --- [CRM] [main] eAuthenticationProviderManagerConfigurer : Global AuthenticationManager configured with AuthenticationProvider bean with name customAuthenticationProvider
2025-08-17T09:28:40.554+05:30  INFO 9480 --- [CRM] [main] o.s.b.t.m.w.SpringBootMockServletContext : Initializing Spring TestDispatcherServlet ''
2025-08-17T09:28:40.554+05:30  INFO 9480 --- [CRM] [main] o.s.t.web.servlet.TestDispatcherServlet  : Initializing Servlet ''
2025-08-17T09:28:40.557+05:30  INFO 9480 --- [CRM] [main] o.s.t.web.servlet.TestDispatcherServlet  : Completed initialization in 3 ms
2025-08-17T09:28:40.602+05:30  INFO 9480 --- [CRM] [main] c.e.crm.integration.CrmIntegrationTest   : Started CrmIntegrationTest in 6.51 seconds (process running for 9.869)
2025-08-17T09:28:42.281+05:30  INFO 9480 --- [CRM] [SpringApplicationShutdownHook] j.LocalContainerEntityManagerFactoryBean : Closing JPA EntityManagerFactory for persistence unit 'default'
2025-08-17T09:28:42.286+05:30  INFO 9480 --- [CRM] [SpringApplicationShutdownHook] com.zaxxer.hikari.HikariDataSource       : HikariPool-1 - Shutdown initiated...
2025-08-17T09:28:42.304+05:30  INFO 9480 --- [CRM] [SpringApplicationShutdownHook] com.zaxxer.hikari.HikariDataSource       : HikariPool-1 - Shutdown completed.
2025-08-17T09:31:51.470+05:30  INFO 15172 --- [CRM] [RMI TCP Connection(7)-127.0.0.1] inMXBeanRegistrar$SpringApplicationAdmin : Application shutdown requested.
2025-08-17T09:31:51.475+05:30  INFO 15172 --- [CRM] [RMI TCP Connection(7)-127.0.0.1] o.s.b.w.e.tomcat.GracefulShutdown        : Commencing graceful shutdown. Waiting for active requests to complete
2025-08-17T09:31:51.493+05:30  INFO 15172 --- [CRM] [tomcat-shutdown] o.s.b.w.e.tomcat.GracefulShutdown        : Graceful shutdown complete
