2025-08-17T09:20:27.776+05:30  INFO 6948 --- [CRM] [main] com.example.crm.CrmApplication           : Started CrmApplication in 5.61 seconds (process running for 6.717)
2025-08-17T09:21:32.333+05:30  INFO 16536 --- [CRM] [main] c.e.crm.integration.CrmIntegrationTest   : Starting CrmIntegrationTest using Java 21.0.7 with PID 16536 (started by Shraddha Prabhu in D:\CustomerProject\CRM)
2025-08-17T09:21:32.335+05:30  INFO 16536 --- [CRM] [main] c.e.crm.integration.CrmIntegrationTest   : No active profile set, falling back to 1 default profile: "default"
2025-08-17T09:21:33.322+05:30  INFO 16536 --- [CRM] [main] .s.d.r.c.RepositoryConfigurationDelegate : Bootstrapping Spring Data JPA repositories in DEFAULT mode.
2025-08-17T09:21:33.433+05:30  INFO 16536 --- [CRM] [main] .s.d.r.c.RepositoryConfigurationDelegate : Finished Spring Data repository scanning in 90 ms. Found 4 JPA repository interfaces.
2025-08-17T09:21:34.296+05:30  INFO 16536 --- [CRM] [main] o.hibernate.jpa.internal.util.LogHelper  : HHH000204: Processing PersistenceUnitInfo [name: default]
2025-08-17T09:21:34.378+05:30  INFO 16536 --- [CRM] [main] org.hibernate.Version                    : HHH000412: Hibernate ORM core version 6.6.22.Final
2025-08-17T09:21:34.435+05:30  INFO 16536 --- [CRM] [main] o.h.c.internal.RegionFactoryInitiator    : HHH000026: Second-level cache disabled
2025-08-17T09:21:34.673+05:30  INFO 16536 --- [CRM] [main] o.s.o.j.p.SpringPersistenceUnitInfo      : No LoadTimeWeaver setup: ignoring JPA class transformer
2025-08-17T09:21:34.723+05:30  INFO 16536 --- [CRM] [main] com.zaxxer.hikari.HikariDataSource       : HikariPool-1 - Starting...
2025-08-17T09:21:35.275+05:30  INFO 16536 --- [CRM] [main] com.zaxxer.hikari.pool.HikariPool        : HikariPool-1 - Added connection com.mysql.cj.jdbc.ConnectionImpl@7f02b2d4
2025-08-17T09:21:35.282+05:30  INFO 16536 --- [CRM] [main] com.zaxxer.hikari.HikariDataSource       : HikariPool-1 - Start completed.
2025-08-17T09:21:35.335+05:30  WARN 16536 --- [CRM] [main] org.hibernate.orm.deprecation            : HHH90000025: MySQL8Dialect does not need to be specified explicitly using 'hibernate.dialect' (remove the property setting and it will be selected by default)
2025-08-17T09:21:35.337+05:30  WARN 16536 --- [CRM] [main] org.hibernate.orm.deprecation            : HHH90000026: MySQL8Dialect has been deprecated; use org.hibernate.dialect.MySQLDialect instead
2025-08-17T09:21:35.366+05:30  INFO 16536 --- [CRM] [main] org.hibernate.orm.connections.pooling    : HHH10001005: Database info:
	Database JDBC URL [Connecting through datasource 'HikariDataSource (HikariPool-1)']
	Database driver: undefined/unknown
	Database version: 8.0
	Autocommit mode: undefined/unknown
	Isolation level: undefined/unknown
	Minimum pool size: undefined/unknown
	Maximum pool size: undefined/unknown
2025-08-17T09:21:36.287+05:30  INFO 16536 --- [CRM] [main] o.h.e.t.j.p.i.JtaPlatformInitiator       : HHH000489: No JTA platform available (set 'hibernate.transaction.jta.platform' to enable JTA platform integration)
2025-08-17T09:21:36.399+05:30  INFO 16536 --- [CRM] [main] j.LocalContainerEntityManagerFactoryBean : Initialized JPA EntityManagerFactory for persistence unit 'default'
2025-08-17T09:21:36.852+05:30  WARN 16536 --- [CRM] [main] JpaBaseConfiguration$JpaWebConfiguration : spring.jpa.open-in-view is enabled by default. Therefore, database queries may be performed during view rendering. Explicitly configure spring.jpa.open-in-view to disable this warning
2025-08-17T09:21:36.905+05:30  INFO 16536 --- [CRM] [main] eAuthenticationProviderManagerConfigurer : Global AuthenticationManager configured with AuthenticationProvider bean with name customAuthenticationProvider
2025-08-17T09:21:37.921+05:30  INFO 16536 --- [CRM] [main] o.s.b.t.m.w.SpringBootMockServletContext : Initializing Spring TestDispatcherServlet ''
2025-08-17T09:21:37.922+05:30  INFO 16536 --- [CRM] [main] o.s.t.web.servlet.TestDispatcherServlet  : Initializing Servlet ''
2025-08-17T09:21:37.924+05:30  INFO 16536 --- [CRM] [main] o.s.t.web.servlet.TestDispatcherServlet  : Completed initialization in 2 ms
2025-08-17T09:21:37.979+05:30  INFO 16536 --- [CRM] [main] c.e.crm.integration.CrmIntegrationTest   : Started CrmIntegrationTest in 6.175 seconds (process running for 10.121)
2025-08-17T09:21:38.942+05:30  INFO 16536 --- [CRM] [SpringApplicationShutdownHook] j.LocalContainerEntityManagerFactoryBean : Closing JPA EntityManagerFactory for persistence unit 'default'
2025-08-17T09:21:38.955+05:30  INFO 16536 --- [CRM] [SpringApplicationShutdownHook] com.zaxxer.hikari.HikariDataSource       : HikariPool-1 - Shutdown initiated...
2025-08-17T09:21:38.975+05:30  INFO 16536 --- [CRM] [SpringApplicationShutdownHook] com.zaxxer.hikari.HikariDataSource       : HikariPool-1 - Shutdown completed.
2025-08-17T09:23:17.966+05:30  INFO 6948 --- [CRM] [RMI TCP Connection(6)-127.0.0.1] inMXBeanRegistrar$SpringApplicationAdmin : Application shutdown requested.
2025-08-17T09:23:17.969+05:30  INFO 6948 --- [CRM] [RMI TCP Connection(6)-127.0.0.1] o.s.b.w.e.tomcat.GracefulShutdown        : Commencing graceful shutdown. Waiting for active requests to complete
2025-08-17T09:23:17.976+05:30  INFO 6948 --- [CRM] [tomcat-shutdown] o.s.b.w.e.tomcat.GracefulShutdown        : Graceful shutdown complete
2025-08-17T09:23:17.980+05:30  INFO 6948 --- [CRM] [RMI TCP Connection(6)-127.0.0.1] j.LocalContainerEntityManagerFactoryBean : Closing JPA EntityManagerFactory for persistence unit 'default'
2025-08-17T09:23:17.982+05:30  INFO 6948 --- [CRM] [RMI TCP Connection(6)-127.0.0.1] com.zaxxer.hikari.HikariDataSource       : HikariPool-1 - Shutdown initiated...
