2025-08-16T16:19:26.694+05:30  INFO 24452 --- [CRM] [main] eAuthenticationProviderManagerConfigurer : Global AuthenticationManager configured with AuthenticationProvider bean with name customAuthenticationProvider
2025-08-16T16:19:27.211+05:30  INFO 24452 --- [CRM] [main] o.s.b.w.embedded.tomcat.TomcatWebServer  : Tomcat started on port 8080 (http) with context path '/'
2025-08-16T16:19:27.221+05:30  INFO 24452 --- [CRM] [main] com.example.crm.CrmApplication           : Started CrmApplication in 7.191 seconds (process running for 7.83)
2025-08-16T16:19:45.145+05:30  INFO 21436 --- [CRM] [main] c.e.crm.integration.CrmIntegrationTest   : Starting CrmIntegrationTest using Java 21.0.7 with PID 21436 (started by Shraddha Prabhu in D:\CustomerProject\CRM)
2025-08-16T16:19:45.161+05:30  INFO 21436 --- [CRM] [main] c.e.crm.integration.CrmIntegrationTest   : No active profile set, falling back to 1 default profile: "default"
2025-08-16T16:19:46.027+05:30  INFO 21436 --- [CRM] [main] .s.d.r.c.RepositoryConfigurationDelegate : Bootstrapping Spring Data JPA repositories in DEFAULT mode.
2025-08-16T16:19:46.088+05:30  INFO 21436 --- [CRM] [main] .s.d.r.c.RepositoryConfigurationDelegate : Finished Spring Data repository scanning in 47 ms. Found 4 JPA repository interfaces.
2025-08-16T16:19:46.894+05:30  INFO 21436 --- [CRM] [main] o.hibernate.jpa.internal.util.LogHelper  : HHH000204: Processing PersistenceUnitInfo [name: default]
2025-08-16T16:19:46.986+05:30  INFO 21436 --- [CRM] [main] org.hibernate.Version                    : HHH000412: Hibernate ORM core version 6.6.22.Final
2025-08-16T16:19:47.032+05:30  INFO 21436 --- [CRM] [main] o.h.c.internal.RegionFactoryInitiator    : HHH000026: Second-level cache disabled
2025-08-16T16:19:47.242+05:30  INFO 21436 --- [CRM] [main] o.s.o.j.p.SpringPersistenceUnitInfo      : No LoadTimeWeaver setup: ignoring JPA class transformer
2025-08-16T16:19:47.276+05:30  INFO 21436 --- [CRM] [main] com.zaxxer.hikari.HikariDataSource       : HikariPool-1 - Starting...
2025-08-16T16:19:47.907+05:30  INFO 21436 --- [CRM] [main] com.zaxxer.hikari.pool.HikariPool        : HikariPool-1 - Added connection com.mysql.cj.jdbc.ConnectionImpl@73db7df0
2025-08-16T16:19:47.914+05:30  INFO 21436 --- [CRM] [main] com.zaxxer.hikari.HikariDataSource       : HikariPool-1 - Start completed.
2025-08-16T16:19:48.020+05:30  WARN 21436 --- [CRM] [main] org.hibernate.orm.deprecation            : HHH90000025: MySQL8Dialect does not need to be specified explicitly using 'hibernate.dialect' (remove the property setting and it will be selected by default)
2025-08-16T16:19:48.023+05:30  WARN 21436 --- [CRM] [main] org.hibernate.orm.deprecation            : HHH90000026: MySQL8Dialect has been deprecated; use org.hibernate.dialect.MySQLDialect instead
2025-08-16T16:19:48.055+05:30  INFO 21436 --- [CRM] [main] org.hibernate.orm.connections.pooling    : HHH10001005: Database info:
	Database JDBC URL [Connecting through datasource 'HikariDataSource (HikariPool-1)']
	Database driver: undefined/unknown
	Database version: 8.0
	Autocommit mode: undefined/unknown
	Isolation level: undefined/unknown
	Minimum pool size: undefined/unknown
	Maximum pool size: undefined/unknown
2025-08-16T16:19:49.385+05:30  INFO 21436 --- [CRM] [main] o.h.e.t.j.p.i.JtaPlatformInitiator       : HHH000489: No JTA platform available (set 'hibernate.transaction.jta.platform' to enable JTA platform integration)
2025-08-16T16:19:49.564+05:30  INFO 21436 --- [CRM] [main] j.LocalContainerEntityManagerFactoryBean : Initialized JPA EntityManagerFactory for persistence unit 'default'
2025-08-16T16:19:50.062+05:30  WARN 21436 --- [CRM] [main] JpaBaseConfiguration$JpaWebConfiguration : spring.jpa.open-in-view is enabled by default. Therefore, database queries may be performed during view rendering. Explicitly configure spring.jpa.open-in-view to disable this warning
2025-08-16T16:19:50.120+05:30  INFO 21436 --- [CRM] [main] eAuthenticationProviderManagerConfigurer : Global AuthenticationManager configured with AuthenticationProvider bean with name customAuthenticationProvider
2025-08-16T16:19:51.225+05:30  INFO 21436 --- [CRM] [main] o.s.b.t.m.w.SpringBootMockServletContext : Initializing Spring TestDispatcherServlet ''
2025-08-16T16:19:51.225+05:30  INFO 21436 --- [CRM] [main] o.s.t.web.servlet.TestDispatcherServlet  : Initializing Servlet ''
2025-08-16T16:19:51.227+05:30  INFO 21436 --- [CRM] [main] o.s.t.web.servlet.TestDispatcherServlet  : Completed initialization in 1 ms
2025-08-16T16:19:51.269+05:30  INFO 21436 --- [CRM] [main] c.e.crm.integration.CrmIntegrationTest   : Started CrmIntegrationTest in 6.544 seconds (process running for 9.496)
2025-08-16T16:19:52.156+05:30  INFO 21436 --- [CRM] [SpringApplicationShutdownHook] j.LocalContainerEntityManagerFactoryBean : Closing JPA EntityManagerFactory for persistence unit 'default'
2025-08-16T16:19:52.159+05:30  INFO 21436 --- [CRM] [SpringApplicationShutdownHook] com.zaxxer.hikari.HikariDataSource       : HikariPool-1 - Shutdown initiated...
2025-08-16T16:19:52.175+05:30  INFO 21436 --- [CRM] [SpringApplicationShutdownHook] com.zaxxer.hikari.HikariDataSource       : HikariPool-1 - Shutdown completed.
2025-08-16T16:20:11.847+05:30  INFO 12496 --- [CRM] [main] c.e.crm.integration.CrmIntegrationTest   : Starting CrmIntegrationTest using Java 21.0.7 with PID 12496 (started by Shraddha Prabhu in D:\CustomerProject\CRM)
2025-08-16T16:20:11.858+05:30  INFO 12496 --- [CRM] [main] c.e.crm.integration.CrmIntegrationTest   : No active profile set, falling back to 1 default profile: "default"
2025-08-16T16:20:12.772+05:30  INFO 12496 --- [CRM] [main] .s.d.r.c.RepositoryConfigurationDelegate : Bootstrapping Spring Data JPA repositories in DEFAULT mode.
2025-08-16T16:20:12.876+05:30  INFO 12496 --- [CRM] [main] .s.d.r.c.RepositoryConfigurationDelegate : Finished Spring Data repository scanning in 68 ms. Found 4 JPA repository interfaces.
2025-08-16T16:20:13.672+05:30  INFO 12496 --- [CRM] [main] o.hibernate.jpa.internal.util.LogHelper  : HHH000204: Processing PersistenceUnitInfo [name: default]
2025-08-16T16:20:13.778+05:30  INFO 12496 --- [CRM] [main] org.hibernate.Version                    : HHH000412: Hibernate ORM core version 6.6.22.Final
2025-08-16T16:20:13.854+05:30  INFO 12496 --- [CRM] [main] o.h.c.internal.RegionFactoryInitiator    : HHH000026: Second-level cache disabled
2025-08-16T16:20:14.075+05:30  INFO 12496 --- [CRM] [main] o.s.o.j.p.SpringPersistenceUnitInfo      : No LoadTimeWeaver setup: ignoring JPA class transformer
2025-08-16T16:20:14.115+05:30  INFO 12496 --- [CRM] [main] com.zaxxer.hikari.HikariDataSource       : HikariPool-1 - Starting...
2025-08-16T16:20:14.734+05:30  INFO 12496 --- [CRM] [main] com.zaxxer.hikari.pool.HikariPool        : HikariPool-1 - Added connection com.mysql.cj.jdbc.ConnectionImpl@6978a32a
2025-08-16T16:20:14.738+05:30  INFO 12496 --- [CRM] [main] com.zaxxer.hikari.HikariDataSource       : HikariPool-1 - Start completed.
2025-08-16T16:20:14.808+05:30  WARN 12496 --- [CRM] [main] org.hibernate.orm.deprecation            : HHH90000025: MySQL8Dialect does not need to be specified explicitly using 'hibernate.dialect' (remove the property setting and it will be selected by default)
2025-08-16T16:20:14.810+05:30  WARN 12496 --- [CRM] [main] org.hibernate.orm.deprecation            : HHH90000026: MySQL8Dialect has been deprecated; use org.hibernate.dialect.MySQLDialect instead
2025-08-16T16:20:14.842+05:30  INFO 12496 --- [CRM] [main] org.hibernate.orm.connections.pooling    : HHH10001005: Database info:
	Database JDBC URL [Connecting through datasource 'HikariDataSource (HikariPool-1)']
	Database driver: undefined/unknown
	Database version: 8.0
	Autocommit mode: undefined/unknown
	Isolation level: undefined/unknown
	Minimum pool size: undefined/unknown
	Maximum pool size: undefined/unknown
2025-08-16T16:20:16.104+05:30  INFO 12496 --- [CRM] [main] o.h.e.t.j.p.i.JtaPlatformInitiator       : HHH000489: No JTA platform available (set 'hibernate.transaction.jta.platform' to enable JTA platform integration)
2025-08-16T16:20:16.275+05:30  INFO 12496 --- [CRM] [main] j.LocalContainerEntityManagerFactoryBean : Initialized JPA EntityManagerFactory for persistence unit 'default'
2025-08-16T16:20:16.723+05:30  WARN 12496 --- [CRM] [main] JpaBaseConfiguration$JpaWebConfiguration : spring.jpa.open-in-view is enabled by default. Therefore, database queries may be performed during view rendering. Explicitly configure spring.jpa.open-in-view to disable this warning
2025-08-16T16:20:16.798+05:30  INFO 12496 --- [CRM] [main] eAuthenticationProviderManagerConfigurer : Global AuthenticationManager configured with AuthenticationProvider bean with name customAuthenticationProvider
2025-08-16T16:20:17.652+05:30  INFO 12496 --- [CRM] [main] o.s.b.t.m.w.SpringBootMockServletContext : Initializing Spring TestDispatcherServlet ''
2025-08-16T16:20:17.652+05:30  INFO 12496 --- [CRM] [main] o.s.t.web.servlet.TestDispatcherServlet  : Initializing Servlet ''
2025-08-16T16:20:17.654+05:30  INFO 12496 --- [CRM] [main] o.s.t.web.servlet.TestDispatcherServlet  : Completed initialization in 2 ms
2025-08-16T16:20:17.698+05:30  INFO 12496 --- [CRM] [main] c.e.crm.integration.CrmIntegrationTest   : Started CrmIntegrationTest in 6.335 seconds (process running for 9.658)
2025-08-16T16:20:18.464+05:30  INFO 12496 --- [CRM] [SpringApplicationShutdownHook] j.LocalContainerEntityManagerFactoryBean : Closing JPA EntityManagerFactory for persistence unit 'default'
2025-08-16T16:20:18.469+05:30  INFO 12496 --- [CRM] [SpringApplicationShutdownHook] com.zaxxer.hikari.HikariDataSource       : HikariPool-1 - Shutdown initiated...
2025-08-16T16:20:18.479+05:30  INFO 12496 --- [CRM] [SpringApplicationShutdownHook] com.zaxxer.hikari.HikariDataSource       : HikariPool-1 - Shutdown completed.
2025-08-16T16:20:26.002+05:30  INFO 24452 --- [CRM] [RMI TCP Connection(4)-127.0.0.1] inMXBeanRegistrar$SpringApplicationAdmin : Application shutdown requested.
2025-08-16T16:20:26.006+05:30  INFO 24452 --- [CRM] [RMI TCP Connection(4)-127.0.0.1] o.s.b.w.e.tomcat.GracefulShutdown        : Commencing graceful shutdown. Waiting for active requests to complete
2025-08-16T16:20:26.015+05:30  INFO 24452 --- [CRM] [tomcat-shutdown] o.s.b.w.e.tomcat.GracefulShutdown        : Graceful shutdown complete
