2025-08-16T15:59:25.837+05:30  INFO 11776 --- [CRM] [http-nio-8080-exec-1] o.s.web.servlet.DispatcherServlet        : Initializing Servlet 'dispatcherServlet'
2025-08-16T15:59:25.842+05:30  INFO 11776 --- [CRM] [http-nio-8080-exec-1] o.s.web.servlet.DispatcherServlet        : Completed initialization in 4 ms
2025-08-16T16:03:50.054+05:30  INFO 2588 --- [CRM] [main] c.e.crm.integration.CrmIntegrationTest   : Starting CrmIntegrationTest using Java 21.0.7 with PID 2588 (started by Shraddha Prabhu in D:\CustomerProject\CRM)
2025-08-16T16:03:50.057+05:30  INFO 2588 --- [CRM] [main] c.e.crm.integration.CrmIntegrationTest   : No active profile set, falling back to 1 default profile: "default"
2025-08-16T16:03:50.883+05:30  INFO 2588 --- [CRM] [main] .s.d.r.c.RepositoryConfigurationDelegate : Bootstrapping Spring Data JPA repositories in DEFAULT mode.
2025-08-16T16:03:50.973+05:30  INFO 2588 --- [CRM] [main] .s.d.r.c.RepositoryConfigurationDelegate : Finished Spring Data repository scanning in 73 ms. Found 4 JPA repository interfaces.
2025-08-16T16:03:51.616+05:30  INFO 2588 --- [CRM] [main] o.hibernate.jpa.internal.util.LogHelper  : HHH000204: Processing PersistenceUnitInfo [name: default]
2025-08-16T16:03:51.710+05:30  INFO 2588 --- [CRM] [main] org.hibernate.Version                    : HHH000412: Hibernate ORM core version 6.6.22.Final
2025-08-16T16:03:51.742+05:30  INFO 2588 --- [CRM] [main] o.h.c.internal.RegionFactoryInitiator    : HHH000026: Second-level cache disabled
2025-08-16T16:03:51.893+05:30  INFO 2588 --- [CRM] [main] o.s.o.j.p.SpringPersistenceUnitInfo      : No LoadTimeWeaver setup: ignoring JPA class transformer
2025-08-16T16:03:51.929+05:30  INFO 2588 --- [CRM] [main] com.zaxxer.hikari.HikariDataSource       : HikariPool-1 - Starting...
2025-08-16T16:03:52.435+05:30  INFO 2588 --- [CRM] [main] com.zaxxer.hikari.pool.HikariPool        : HikariPool-1 - Added connection com.mysql.cj.jdbc.ConnectionImpl@2b506a79
2025-08-16T16:03:52.444+05:30  INFO 2588 --- [CRM] [main] com.zaxxer.hikari.HikariDataSource       : HikariPool-1 - Start completed.
2025-08-16T16:03:52.544+05:30  WARN 2588 --- [CRM] [main] org.hibernate.orm.deprecation            : HHH90000025: MySQL8Dialect does not need to be specified explicitly using 'hibernate.dialect' (remove the property setting and it will be selected by default)
2025-08-16T16:03:52.549+05:30  WARN 2588 --- [CRM] [main] org.hibernate.orm.deprecation            : HHH90000026: MySQL8Dialect has been deprecated; use org.hibernate.dialect.MySQLDialect instead
2025-08-16T16:03:52.609+05:30  INFO 2588 --- [CRM] [main] org.hibernate.orm.connections.pooling    : HHH10001005: Database info:
	Database JDBC URL [Connecting through datasource 'HikariDataSource (HikariPool-1)']
	Database driver: undefined/unknown
	Database version: 8.0
	Autocommit mode: undefined/unknown
	Isolation level: undefined/unknown
	Minimum pool size: undefined/unknown
	Maximum pool size: undefined/unknown
2025-08-16T16:03:53.865+05:30  INFO 2588 --- [CRM] [main] o.h.e.t.j.p.i.JtaPlatformInitiator       : HHH000489: No JTA platform available (set 'hibernate.transaction.jta.platform' to enable JTA platform integration)
2025-08-16T16:03:53.986+05:30  INFO 2588 --- [CRM] [main] j.LocalContainerEntityManagerFactoryBean : Initialized JPA EntityManagerFactory for persistence unit 'default'
2025-08-16T16:03:54.470+05:30  WARN 2588 --- [CRM] [main] JpaBaseConfiguration$JpaWebConfiguration : spring.jpa.open-in-view is enabled by default. Therefore, database queries may be performed during view rendering. Explicitly configure spring.jpa.open-in-view to disable this warning
2025-08-16T16:03:54.522+05:30  INFO 2588 --- [CRM] [main] eAuthenticationProviderManagerConfigurer : Global AuthenticationManager configured with AuthenticationProvider bean with name customAuthenticationProvider
2025-08-16T16:03:55.611+05:30  INFO 2588 --- [CRM] [main] o.s.b.t.m.w.SpringBootMockServletContext : Initializing Spring TestDispatcherServlet ''
2025-08-16T16:03:55.612+05:30  INFO 2588 --- [CRM] [main] o.s.t.web.servlet.TestDispatcherServlet  : Initializing Servlet ''
2025-08-16T16:03:55.614+05:30  INFO 2588 --- [CRM] [main] o.s.t.web.servlet.TestDispatcherServlet  : Completed initialization in 2 ms
2025-08-16T16:03:55.651+05:30  INFO 2588 --- [CRM] [main] c.e.crm.integration.CrmIntegrationTest   : Started CrmIntegrationTest in 6.158 seconds (process running for 9.69)
2025-08-16T16:03:56.332+05:30  INFO 2588 --- [CRM] [SpringApplicationShutdownHook] j.LocalContainerEntityManagerFactoryBean : Closing JPA EntityManagerFactory for persistence unit 'default'
2025-08-16T16:03:56.336+05:30  INFO 2588 --- [CRM] [SpringApplicationShutdownHook] com.zaxxer.hikari.HikariDataSource       : HikariPool-1 - Shutdown initiated...
2025-08-16T16:03:56.353+05:30  INFO 2588 --- [CRM] [SpringApplicationShutdownHook] com.zaxxer.hikari.HikariDataSource       : HikariPool-1 - Shutdown completed.
2025-08-16T16:05:02.060+05:30  INFO 17488 --- [CRM] [main] c.e.crm.integration.CrmIntegrationTest   : Starting CrmIntegrationTest using Java 21.0.7 with PID 17488 (started by Shraddha Prabhu in D:\CustomerProject\CRM)
2025-08-16T16:05:02.066+05:30  INFO 17488 --- [CRM] [main] c.e.crm.integration.CrmIntegrationTest   : No active profile set, falling back to 1 default profile: "default"
2025-08-16T16:05:02.800+05:30  INFO 17488 --- [CRM] [main] .s.d.r.c.RepositoryConfigurationDelegate : Bootstrapping Spring Data JPA repositories in DEFAULT mode.
2025-08-16T16:05:02.861+05:30  INFO 17488 --- [CRM] [main] .s.d.r.c.RepositoryConfigurationDelegate : Finished Spring Data repository scanning in 49 ms. Found 4 JPA repository interfaces.
2025-08-16T16:05:03.593+05:30  INFO 17488 --- [CRM] [main] o.hibernate.jpa.internal.util.LogHelper  : HHH000204: Processing PersistenceUnitInfo [name: default]
2025-08-16T16:05:03.656+05:30  INFO 17488 --- [CRM] [main] org.hibernate.Version                    : HHH000412: Hibernate ORM core version 6.6.22.Final
2025-08-16T16:05:03.701+05:30  INFO 17488 --- [CRM] [main] o.h.c.internal.RegionFactoryInitiator    : HHH000026: Second-level cache disabled
2025-08-16T16:05:03.833+05:30  INFO 17488 --- [CRM] [main] o.s.o.j.p.SpringPersistenceUnitInfo      : No LoadTimeWeaver setup: ignoring JPA class transformer
2025-08-16T16:05:03.858+05:30  INFO 17488 --- [CRM] [main] com.zaxxer.hikari.HikariDataSource       : HikariPool-1 - Starting...
2025-08-16T16:05:04.257+05:30  INFO 17488 --- [CRM] [main] com.zaxxer.hikari.pool.HikariPool        : HikariPool-1 - Added connection com.mysql.cj.jdbc.ConnectionImpl@1d535b78
2025-08-16T16:05:04.260+05:30  INFO 17488 --- [CRM] [main] com.zaxxer.hikari.HikariDataSource       : HikariPool-1 - Start completed.
2025-08-16T16:05:04.310+05:30  WARN 17488 --- [CRM] [main] org.hibernate.orm.deprecation            : HHH90000025: MySQL8Dialect does not need to be specified explicitly using 'hibernate.dialect' (remove the property setting and it will be selected by default)
2025-08-16T16:05:04.312+05:30  WARN 17488 --- [CRM] [main] org.hibernate.orm.deprecation            : HHH90000026: MySQL8Dialect has been deprecated; use org.hibernate.dialect.MySQLDialect instead
2025-08-16T16:05:04.326+05:30  INFO 17488 --- [CRM] [main] org.hibernate.orm.connections.pooling    : HHH10001005: Database info:
	Database JDBC URL [Connecting through datasource 'HikariDataSource (HikariPool-1)']
	Database driver: undefined/unknown
	Database version: 8.0
	Autocommit mode: undefined/unknown
	Isolation level: undefined/unknown
	Minimum pool size: undefined/unknown
	Maximum pool size: undefined/unknown
2025-08-16T16:05:05.170+05:30  INFO 17488 --- [CRM] [main] o.h.e.t.j.p.i.JtaPlatformInitiator       : HHH000489: No JTA platform available (set 'hibernate.transaction.jta.platform' to enable JTA platform integration)
2025-08-16T16:05:05.285+05:30  INFO 17488 --- [CRM] [main] j.LocalContainerEntityManagerFactoryBean : Initialized JPA EntityManagerFactory for persistence unit 'default'
2025-08-16T16:05:05.710+05:30  WARN 17488 --- [CRM] [main] JpaBaseConfiguration$JpaWebConfiguration : spring.jpa.open-in-view is enabled by default. Therefore, database queries may be performed during view rendering. Explicitly configure spring.jpa.open-in-view to disable this warning
2025-08-16T16:05:05.768+05:30  INFO 17488 --- [CRM] [main] eAuthenticationProviderManagerConfigurer : Global AuthenticationManager configured with AuthenticationProvider bean with name customAuthenticationProvider
2025-08-16T16:05:06.615+05:30  INFO 17488 --- [CRM] [main] o.s.b.t.m.w.SpringBootMockServletContext : Initializing Spring TestDispatcherServlet ''
2025-08-16T16:05:06.616+05:30  INFO 17488 --- [CRM] [main] o.s.t.web.servlet.TestDispatcherServlet  : Initializing Servlet ''
2025-08-16T16:05:06.618+05:30  INFO 17488 --- [CRM] [main] o.s.t.web.servlet.TestDispatcherServlet  : Completed initialization in 2 ms
2025-08-16T16:05:06.648+05:30  INFO 17488 --- [CRM] [main] c.e.crm.integration.CrmIntegrationTest   : Started CrmIntegrationTest in 5.04 seconds (process running for 8.662)
2025-08-16T16:05:07.319+05:30  INFO 17488 --- [CRM] [SpringApplicationShutdownHook] j.LocalContainerEntityManagerFactoryBean : Closing JPA EntityManagerFactory for persistence unit 'default'
2025-08-16T16:05:07.321+05:30  INFO 17488 --- [CRM] [SpringApplicationShutdownHook] com.zaxxer.hikari.HikariDataSource       : HikariPool-1 - Shutdown initiated...
2025-08-16T16:05:07.332+05:30  INFO 17488 --- [CRM] [SpringApplicationShutdownHook] com.zaxxer.hikari.HikariDataSource       : HikariPool-1 - Shutdown completed.
2025-08-16T16:19:07.648+05:30  INFO 11776 --- [CRM] [RMI TCP Connection(23)-127.0.0.1] inMXBeanRegistrar$SpringApplicationAdmin : Application shutdown requested.
2025-08-16T16:19:07.654+05:30  INFO 11776 --- [CRM] [RMI TCP Connection(23)-127.0.0.1] o.s.b.w.e.tomcat.GracefulShutdown        : Commencing graceful shutdown. Waiting for active requests to complete
2025-08-16T16:19:07.667+05:30  INFO 11776 --- [CRM] [tomcat-shutdown] o.s.b.w.e.tomcat.GracefulShutdown        : Graceful shutdown complete
2025-08-16T16:19:07.691+05:30  INFO 11776 --- [CRM] [RMI TCP Connection(23)-127.0.0.1] j.LocalContainerEntityManagerFactoryBean : Closing JPA EntityManagerFactory for persistence unit 'default'
2025-08-16T16:19:07.694+05:30  INFO 11776 --- [CRM] [RMI TCP Connection(23)-127.0.0.1] com.zaxxer.hikari.HikariDataSource       : HikariPool-1 - Shutdown initiated...
