2025-08-15T16:59:32.638+05:30  INFO 10328 --- [CRM] [main] j.LocalContainerEntityManagerFactoryBean : Initialized JPA EntityManagerFactory for persistence unit 'default'
2025-08-15T16:59:32.902+05:30  WARN 10328 --- [CRM] [main] JpaBaseConfiguration$JpaWebConfiguration : spring.jpa.open-in-view is enabled by default. Therefore, database queries may be performed during view rendering. Explicitly configure spring.jpa.open-in-view to disable this warning
2025-08-15T16:59:33.213+05:30  INFO 10328 --- [CRM] [main] o.s.b.w.embedded.tomcat.TomcatWebServer  : Tomcat started on port 8080 (http) with context path '/'
2025-08-15T16:59:33.225+05:30  INFO 10328 --- [CRM] [main] com.example.crm.CrmApplication           : Started CrmApplication in 3.969 seconds (process running for 4.653)
2025-08-15T16:59:57.203+05:30  INFO 27608 --- [CRM] [main] c.e.crm.integration.CrmIntegrationTest   : Starting CrmIntegrationTest using Java 21.0.7 with PID 27608 (started by Shraddha Prabhu in D:\CustomerProject\CRM)
2025-08-15T16:59:57.205+05:30  INFO 27608 --- [CRM] [main] c.e.crm.integration.CrmIntegrationTest   : No active profile set, falling back to 1 default profile: "default"
2025-08-15T16:59:58.026+05:30  INFO 27608 --- [CRM] [main] .s.d.r.c.RepositoryConfigurationDelegate : Bootstrapping Spring Data JPA repositories in DEFAULT mode.
2025-08-15T16:59:58.110+05:30  INFO 27608 --- [CRM] [main] .s.d.r.c.RepositoryConfigurationDelegate : Finished Spring Data repository scanning in 52 ms. Found 4 JPA repository interfaces.
2025-08-15T16:59:58.829+05:30  INFO 27608 --- [CRM] [main] o.hibernate.jpa.internal.util.LogHelper  : HHH000204: Processing PersistenceUnitInfo [name: default]
2025-08-15T16:59:58.973+05:30  INFO 27608 --- [CRM] [main] org.hibernate.Version                    : HHH000412: Hibernate ORM core version 6.6.22.Final
2025-08-15T16:59:59.055+05:30  INFO 27608 --- [CRM] [main] o.h.c.internal.RegionFactoryInitiator    : HHH000026: Second-level cache disabled
2025-08-15T16:59:59.255+05:30  INFO 27608 --- [CRM] [main] o.s.o.j.p.SpringPersistenceUnitInfo      : No LoadTimeWeaver setup: ignoring JPA class transformer
2025-08-15T16:59:59.290+05:30  INFO 27608 --- [CRM] [main] com.zaxxer.hikari.HikariDataSource       : HikariPool-1 - Starting...
2025-08-15T16:59:59.834+05:30  INFO 27608 --- [CRM] [main] com.zaxxer.hikari.pool.HikariPool        : HikariPool-1 - Added connection com.mysql.cj.jdbc.ConnectionImpl@6a299b9d
2025-08-15T16:59:59.846+05:30  INFO 27608 --- [CRM] [main] com.zaxxer.hikari.HikariDataSource       : HikariPool-1 - Start completed.
2025-08-15T16:59:59.928+05:30  WARN 27608 --- [CRM] [main] org.hibernate.orm.deprecation            : HHH90000025: MySQL8Dialect does not need to be specified explicitly using 'hibernate.dialect' (remove the property setting and it will be selected by default)
2025-08-15T16:59:59.929+05:30  WARN 27608 --- [CRM] [main] org.hibernate.orm.deprecation            : HHH90000026: MySQL8Dialect has been deprecated; use org.hibernate.dialect.MySQLDialect instead
2025-08-15T16:59:59.949+05:30  INFO 27608 --- [CRM] [main] org.hibernate.orm.connections.pooling    : HHH10001005: Database info:
	Database JDBC URL [Connecting through datasource 'HikariDataSource (HikariPool-1)']
	Database driver: undefined/unknown
	Database version: 8.0
	Autocommit mode: undefined/unknown
	Isolation level: undefined/unknown
	Minimum pool size: undefined/unknown
	Maximum pool size: undefined/unknown
2025-08-15T17:00:01.128+05:30  INFO 27608 --- [CRM] [main] o.h.e.t.j.p.i.JtaPlatformInitiator       : HHH000489: No JTA platform available (set 'hibernate.transaction.jta.platform' to enable JTA platform integration)
2025-08-15T17:00:01.272+05:30  INFO 27608 --- [CRM] [main] j.LocalContainerEntityManagerFactoryBean : Initialized JPA EntityManagerFactory for persistence unit 'default'
2025-08-15T17:00:01.837+05:30  WARN 27608 --- [CRM] [main] JpaBaseConfiguration$JpaWebConfiguration : spring.jpa.open-in-view is enabled by default. Therefore, database queries may be performed during view rendering. Explicitly configure spring.jpa.open-in-view to disable this warning
2025-08-15T17:00:02.480+05:30  INFO 27608 --- [CRM] [main] o.s.b.t.m.w.SpringBootMockServletContext : Initializing Spring TestDispatcherServlet ''
2025-08-15T17:00:02.481+05:30  INFO 27608 --- [CRM] [main] o.s.t.web.servlet.TestDispatcherServlet  : Initializing Servlet ''
2025-08-15T17:00:02.483+05:30  INFO 27608 --- [CRM] [main] o.s.t.web.servlet.TestDispatcherServlet  : Completed initialization in 2 ms
2025-08-15T17:00:02.519+05:30  INFO 27608 --- [CRM] [main] c.e.crm.integration.CrmIntegrationTest   : Started CrmIntegrationTest in 5.798 seconds (process running for 8.798)
2025-08-15T17:00:04.114+05:30  INFO 27608 --- [CRM] [SpringApplicationShutdownHook] j.LocalContainerEntityManagerFactoryBean : Closing JPA EntityManagerFactory for persistence unit 'default'
2025-08-15T17:00:04.117+05:30  INFO 27608 --- [CRM] [SpringApplicationShutdownHook] com.zaxxer.hikari.HikariDataSource       : HikariPool-1 - Shutdown initiated...
2025-08-15T17:00:04.132+05:30  INFO 27608 --- [CRM] [SpringApplicationShutdownHook] com.zaxxer.hikari.HikariDataSource       : HikariPool-1 - Shutdown completed.
2025-08-15T17:05:43.524+05:30  INFO 10328 --- [CRM] [RMI TCP Connection(8)-127.0.0.1] inMXBeanRegistrar$SpringApplicationAdmin : Application shutdown requested.
2025-08-15T17:05:43.528+05:30  INFO 10328 --- [CRM] [RMI TCP Connection(8)-127.0.0.1] o.s.b.w.e.tomcat.GracefulShutdown        : Commencing graceful shutdown. Waiting for active requests to complete
